{
  "RSpec": {
    "coverage": {
      "/Users/alkarim/Desktop/Documents/Interviews/Company_Notes_Tasks/SurveyMonkey/portrait/spec/support/sugar.rb": [
        null,
        null,
        null,
        1,
        6,
        null,
        null,
        1,
        6,
        null,
        null,
        1,
        2,
        null,
        null,
        1,
        1,
        null,
        null,
        1,
        15,
        null,
        15,
        6,
        6,
        null,
        null,
        15,
        null
      ],
      "/Users/alkarim/Desktop/Documents/Interviews/Company_Notes_Tasks/SurveyMonkey/portrait/app/models/site.rb": [
        1,
        null,
        1,
        null,
        1,
        null,
        1,
        null,
        5,
        null,
        1,
        1,
        2,
        2,
        null,
        null,
        null,
        1,
        2,
        null,
        null,
        1,
        2,
        2,
        null,
        2,
        null,
        null,
        1,
        2,
        2,
        2,
        null,
        2,
        null,
        2,
        null,
        null,
        1,
        1,
        null,
        null
      ],
      "/Users/alkarim/Desktop/Documents/Interviews/Company_Notes_Tasks/SurveyMonkey/portrait/app/models/application_record.rb": [
        1,
        1,
        null
      ],
      "/Users/alkarim/Desktop/Documents/Interviews/Company_Notes_Tasks/SurveyMonkey/portrait/app/models/user.rb": [
        1,
        null,
        1,
        20,
        null,
        null,
        1,
        null,
        2,
        null,
        10,
        null,
        1,
        1,
        null
      ],
      "/Users/alkarim/Desktop/Documents/Interviews/Company_Notes_Tasks/SurveyMonkey/portrait/spec/models/user_spec.rb": [
        1,
        null,
        1,
        1,
        1,
        null,
        null,
        1,
        1,
        null,
        null,
        1,
        1,
        null,
        null,
        1,
        1,
        null,
        null,
        1,
        1,
        null,
        null,
        null,
        1,
        1,
        1,
        1,
        1,
        null,
        null,
        1,
        1,
        1,
        1,
        null,
        null,
        1,
        1,
        1,
        1,
        null,
        null,
        1,
        1,
        1,
        1,
        null,
        null
      ],
      "/Users/alkarim/Desktop/Documents/Interviews/Company_Notes_Tasks/SurveyMonkey/portrait/spec/requests/sites_controller_spec.rb": [
        1,
        null,
        1,
        4,
        null,
        1,
        1,
        1,
        null,
        null,
        1,
        1,
        1,
        1,
        1,
        null,
        null,
        null,
        1,
        1,
        1,
        1,
        null,
        null,
        null,
        null,
        1,
        7,
        null,
        1,
        1,
        1,
        1,
        1,
        1,
        null,
        null,
        null,
        1,
        1,
        1,
        1,
        1,
        null,
        null,
        null,
        1,
        1,
        1,
        1,
        1,
        null,
        null,
        null,
        1,
        1,
        1,
        1,
        1,
        null,
        null,
        null,
        1,
        1,
        1,
        1,
        1,
        null,
        null,
        null,
        1,
        1,
        1,
        1,
        1,
        null,
        null,
        null,
        null
      ],
      "/Users/alkarim/Desktop/Documents/Interviews/Company_Notes_Tasks/SurveyMonkey/portrait/app/controllers/sites_controller.rb": [
        1,
        1,
        null,
        null,
        1,
        1,
        1,
        null,
        null,
        null,
        1,
        5,
        5,
        5,
        7,
        5,
        null,
        null,
        null,
        null,
        1,
        1,
        null,
        null,
        null,
        1,
        2,
        null,
        null,
        1,
        null,
        1,
        7,
        null,
        null
      ],
      "/Users/alkarim/Desktop/Documents/Interviews/Company_Notes_Tasks/SurveyMonkey/portrait/app/controllers/application_controller.rb": [
        1,
        null,
        16,
        null,
        1,
        null,
        1,
        15,
        15,
        15,
        null,
        null,
        null,
        null
      ],
      "/Users/alkarim/Desktop/Documents/Interviews/Company_Notes_Tasks/SurveyMonkey/portrait/spec/requests/users_controller_spec.rb": [
        1,
        null,
        1,
        7,
        null,
        1,
        1,
        1,
        null,
        null,
        1,
        1,
        1,
        null,
        null,
        1,
        1,
        1,
        1,
        null,
        null,
        null,
        1,
        1,
        1,
        1,
        1,
        null,
        null,
        1,
        1,
        1,
        1,
        1,
        1,
        null,
        null,
        1,
        1,
        1,
        1,
        null,
        null,
        null,
        null
      ],
      "/Users/alkarim/Desktop/Documents/Interviews/Company_Notes_Tasks/SurveyMonkey/portrait/app/controllers/users_controller.rb": [
        1,
        1,
        null,
        null,
        1,
        1,
        1,
        null,
        null,
        null,
        1,
        1,
        null,
        null,
        null,
        1,
        1,
        1,
        1,
        null,
        0,
        0,
        null,
        null,
        null,
        1,
        2,
        2,
        1,
        null,
        1,
        null,
        null,
        null,
        1,
        1,
        1,
        1,
        null,
        null,
        null
      ]
    },
    "timestamp": 1521426059
  }
}
